<?xml version="1.0" encoding="UTF-8"?>
<!-- Generated by org.testng.reporters.JUnitReportReporter -->
<testsuite skipped="0" hostname="NSWSYDNLP293" name="testreportportal.rp_testng.ReportPortal1Test" tests="1" failures="0" timestamp="08 Jan 2019 03:02:04 GMT" time="0.016" errors="0">
  <testcase name="f1" time="0.016" classname="testreportportal.rp_testng.ReportPortal1Test"/>
</testsuite> <!-- testreportportal.rp_testng.ReportPortal1Test -->
